2025/08/15 13:31:29 CloudWorkstation Daemon v0.4.2 starting...
2025/08/15 13:31:29 Failed to get current profile, using defaults: no current profile set
2025/08/15 13:31:31 Starting CloudWorkstation daemon on port 8947
2025/08/15 13:31:31 Security manager started successfully
2025/08/15 13:31:31 Legacy monitoring removed - using universal idle detection
2025/08/15 13:31:36 GET /api/v1/ping
2025/08/15 13:31:36 Operation 1 (Ping) started: GET /api/v1/ping
2025/08/15 13:31:36 Using AWS profile: aws
2025/08/15 13:31:36 Using AWS region: us-west-2
2025/08/15 13:31:36 Operation 1 (Ping) completed in 55.667µs
2025/08/15 13:31:36 POST /api/v1/instances
2025/08/15 13:31:36 Operation 2 (Instance) started: POST /api/v1/instances
2025/08/15 13:31:36 Using AWS profile: aws
2025/08/15 13:31:36 Using AWS region: us-west-2
2025/08/15 13:31:36 AWS operation 3 (AWS-Instance) completed in 178.871416ms
2025/08/15 13:31:38 AWS operation 4 (AWS-Instance) completed in 2.033747708s
2025/08/15 13:31:38 Operation 2 (Instance) completed in 2.214684917s
2025/08/15 13:31:50 GET /api/v1/ping
2025/08/15 13:31:50 Operation 5 (Ping) started: GET /api/v1/ping
2025/08/15 13:31:50 Using AWS profile: aws
2025/08/15 13:31:50 Using AWS region: us-west-2
2025/08/15 13:31:50 Operation 5 (Ping) completed in 52.833µs
2025/08/15 13:31:50 GET /api/v1/instances
2025/08/15 13:31:50 Operation 6 (Instance) started: GET /api/v1/instances
2025/08/15 13:31:50 Using AWS profile: aws
2025/08/15 13:31:50 Using AWS region: us-west-2
2025/08/15 13:31:51 AWS operation 7 (AWS-Instance) completed in 272.656875ms
2025/08/15 13:31:51 Operation 6 (Instance) completed in 272.920583ms
2025/08/15 13:32:11 GET /api/v1/ping
2025/08/15 13:32:11 Operation 8 (Ping) started: GET /api/v1/ping
2025/08/15 13:32:11 Using AWS profile: aws
2025/08/15 13:32:11 Using AWS region: us-west-2
2025/08/15 13:32:11 Operation 8 (Ping) completed in 63.5µs
2025/08/15 13:32:11 GET /api/v1/instances
2025/08/15 13:32:11 Operation 9 (Instance) started: GET /api/v1/instances
2025/08/15 13:32:11 Using AWS profile: aws
2025/08/15 13:32:11 Using AWS region: us-west-2
2025/08/15 13:32:11 AWS operation 10 (AWS-Instance) completed in 189.227208ms
2025/08/15 13:32:11 Operation 9 (Instance) completed in 189.481959ms
2025/08/15 13:33:46 GET /api/v1/ping
2025/08/15 13:33:46 Operation 11 (Ping) started: GET /api/v1/ping
2025/08/15 13:33:46 Using AWS profile: aws
2025/08/15 13:33:46 Using AWS region: us-west-2
2025/08/15 13:33:46 Operation 11 (Ping) completed in 39.667µs
2025/08/15 13:33:46 GET /api/v1/instances
2025/08/15 13:33:46 Operation 12 (Instance) started: GET /api/v1/instances
2025/08/15 13:33:46 Using AWS profile: aws
2025/08/15 13:33:46 Using AWS region: us-west-2
2025/08/15 13:33:46 AWS operation 13 (AWS-Instance) completed in 201.967583ms
2025/08/15 13:33:46 Operation 12 (Instance) completed in 202.279959ms
2025/08/15 13:34:54 GET /api/v1/ping
2025/08/15 13:34:54 Operation 14 (Ping) started: GET /api/v1/ping
2025/08/15 13:34:54 Using AWS profile: aws
2025/08/15 13:34:54 Using AWS region: us-west-2
2025/08/15 13:34:54 Operation 14 (Ping) completed in 45.708µs
2025/08/15 13:34:54 GET /api/v1/instances/my-workspace/connect
2025/08/15 13:34:54 Operation 15 (InstanceConnect) started: GET /api/v1/instances/my-workspace/connect
2025/08/15 13:34:54 Using AWS profile: aws
2025/08/15 13:34:54 Using AWS region: us-west-2
2025/08/15 13:34:55 AWS operation 16 (AWS-InstanceConnect) completed in 367.696666ms
2025/08/15 13:34:55 Operation 15 (InstanceConnect) completed in 368.03825ms
2025/08/15 13:37:08 GET /api/v1/ping
2025/08/15 13:37:08 Operation 17 (Ping) started: GET /api/v1/ping
2025/08/15 13:37:08 Using AWS profile: aws
2025/08/15 13:37:08 Using AWS region: us-west-2
2025/08/15 13:37:08 Operation 17 (Ping) completed in 70.75µs
2025/08/15 13:37:08 GET /api/v1/instances/my-workspace/connect
2025/08/15 13:37:08 Operation 18 (InstanceConnect) started: GET /api/v1/instances/my-workspace/connect
2025/08/15 13:37:08 Using AWS profile: aws
2025/08/15 13:37:08 Using AWS region: us-west-2
2025/08/15 13:37:09 AWS operation 19 (AWS-InstanceConnect) completed in 320.172084ms
2025/08/15 13:37:09 Operation 18 (InstanceConnect) completed in 320.476208ms
2025/08/15 13:45:23 GET /api/v1/ping
2025/08/15 13:45:23 Operation 20 (Ping) started: GET /api/v1/ping
2025/08/15 13:45:23 Using AWS profile: aws
2025/08/15 13:45:23 Using AWS region: us-west-2
2025/08/15 13:45:23 Operation 20 (Ping) completed in 38.167µs
2025/08/15 13:45:23 GET /api/v1/ping
2025/08/15 13:45:23 Operation 21 (Ping) started: GET /api/v1/ping
2025/08/15 13:45:23 Using AWS profile: aws
2025/08/15 13:45:23 Using AWS region: us-west-2
2025/08/15 13:45:23 Operation 21 (Ping) completed in 36.5µs
2025/08/15 13:45:23 GET /api/v1/status
2025/08/15 13:45:23 Operation 22 (Statu) started: GET /api/v1/status
2025/08/15 13:45:23 Using AWS profile: aws
2025/08/15 13:45:23 Using AWS region: us-west-2
2025/08/15 13:45:23 Operation 22 (Statu) completed in 312.209µs
2025/08/15 13:45:23 GET /api/v1/instances
2025/08/15 13:45:23 Operation 23 (Instance) started: GET /api/v1/instances
2025/08/15 13:45:23 Using AWS profile: aws
2025/08/15 13:45:23 Using AWS region: us-west-2
2025/08/15 13:45:23 AWS operation 24 (AWS-Instance) completed in 271.266ms
2025/08/15 13:45:23 Operation 23 (Instance) completed in 271.447667ms
2025/08/15 13:45:28 GET /api/v1/instances
2025/08/15 13:45:28 Operation 25 (Instance) started: GET /api/v1/instances
2025/08/15 13:45:28 Using AWS profile: aws
2025/08/15 13:45:28 Using AWS region: us-west-2
2025/08/15 13:45:29 AWS operation 26 (AWS-Instance) completed in 197.928875ms
2025/08/15 13:45:29 Operation 25 (Instance) completed in 198.233916ms
2025/08/15 13:45:29 GET /api/v1/storage
2025/08/15 13:45:29 Operation 27 (Storage) started: GET /api/v1/storage
2025/08/15 13:45:29 Using AWS profile: aws
2025/08/15 13:45:29 Using AWS region: us-west-2
2025/08/15 13:45:29 Operation 27 (Storage) completed in 334.916µs
2025/08/15 13:45:29 GET /api/v1/volumes
2025/08/15 13:45:29 Operation 28 (Volume) started: GET /api/v1/volumes
2025/08/15 13:45:29 Using AWS profile: aws
2025/08/15 13:45:29 Using AWS region: us-west-2
2025/08/15 13:45:29 Operation 28 (Volume) completed in 201.584µs
2025/08/15 13:45:53 GET /api/v1/instances
2025/08/15 13:45:53 Operation 29 (Instance) started: GET /api/v1/instances
2025/08/15 13:45:53 Using AWS profile: aws
2025/08/15 13:45:53 Using AWS region: us-west-2
2025/08/15 13:45:54 AWS operation 30 (AWS-Instance) completed in 240.931833ms
2025/08/15 13:45:54 Operation 29 (Instance) completed in 246.568583ms
2025/08/15 13:45:59 GET /api/v1/instances
2025/08/15 13:45:59 Operation 31 (Instance) started: GET /api/v1/instances
2025/08/15 13:45:59 Using AWS profile: aws
2025/08/15 13:45:59 Using AWS region: us-west-2
2025/08/15 13:45:59 AWS operation 32 (AWS-Instance) completed in 232.517708ms
2025/08/15 13:45:59 Operation 31 (Instance) completed in 232.904875ms
2025/08/15 13:46:08 GET /api/v1/volumes
2025/08/15 13:46:08 Operation 33 (Volume) started: GET /api/v1/volumes
2025/08/15 13:46:08 Using AWS profile: aws
2025/08/15 13:46:08 Using AWS region: us-west-2
2025/08/15 13:46:08 Operation 33 (Volume) completed in 152.542µs
2025/08/15 13:46:08 GET /api/v1/storage
2025/08/15 13:46:08 Operation 34 (Storage) started: GET /api/v1/storage
2025/08/15 13:46:08 Using AWS profile: aws
2025/08/15 13:46:08 Using AWS region: us-west-2
2025/08/15 13:46:08 Operation 34 (Storage) completed in 231.083µs
2025/08/15 13:46:09 GET /api/v1/templates
2025/08/15 13:46:09 Operation 35 (Template) started: GET /api/v1/templates
2025/08/15 13:46:09 Using AWS profile: aws
2025/08/15 13:46:09 Using AWS region: us-west-2
2025/08/15 13:46:09 Operation 35 (Template) completed in 12.143875ms
2025/08/15 13:46:12 GET /api/v1/instances
2025/08/15 13:46:12 Operation 36 (Instance) started: GET /api/v1/instances
2025/08/15 13:46:12 Using AWS profile: aws
2025/08/15 13:46:12 Using AWS region: us-west-2
2025/08/15 13:46:12 AWS operation 37 (AWS-Instance) completed in 196.629ms
2025/08/15 13:46:12 Operation 36 (Instance) completed in 196.979291ms
2025/08/15 13:46:13 GET /api/v1/volumes
2025/08/15 13:46:13 Operation 38 (Volume) started: GET /api/v1/volumes
2025/08/15 13:46:13 Using AWS profile: aws
2025/08/15 13:46:13 Using AWS region: us-west-2
2025/08/15 13:46:13 Operation 38 (Volume) completed in 282.334µs
2025/08/15 13:46:13 GET /api/v1/storage
2025/08/15 13:46:13 Operation 39 (Storage) started: GET /api/v1/storage
2025/08/15 13:46:13 Using AWS profile: aws
2025/08/15 13:46:13 Using AWS region: us-west-2
2025/08/15 13:46:13 Operation 39 (Storage) completed in 200.25µs
2025/08/15 13:46:19 GET /api/v1/templates
2025/08/15 13:46:19 Operation 40 (Template) started: GET /api/v1/templates
2025/08/15 13:46:19 Using AWS profile: aws
2025/08/15 13:46:19 Using AWS region: us-west-2
2025/08/15 13:46:19 Operation 40 (Template) completed in 8.267792ms
2025/08/15 13:46:23 GET /api/v1/instances
2025/08/15 13:46:23 Operation 41 (Instance) started: GET /api/v1/instances
2025/08/15 13:46:23 Using AWS profile: aws
2025/08/15 13:46:23 Using AWS region: us-west-2
2025/08/15 13:46:24 AWS operation 42 (AWS-Instance) completed in 194.51425ms
2025/08/15 13:46:24 Operation 41 (Instance) completed in 194.90725ms
2025/08/15 13:46:29 GET /api/v1/instances
2025/08/15 13:46:29 Operation 43 (Instance) started: GET /api/v1/instances
2025/08/15 13:46:29 Using AWS profile: aws
2025/08/15 13:46:29 Using AWS region: us-west-2
2025/08/15 13:46:29 AWS operation 44 (AWS-Instance) completed in 192.2015ms
2025/08/15 13:46:29 Operation 43 (Instance) completed in 192.717708ms
2025/08/15 13:46:53 GET /api/v1/instances
2025/08/15 13:46:53 Operation 45 (Instance) started: GET /api/v1/instances
2025/08/15 13:46:53 Using AWS profile: aws
2025/08/15 13:46:53 Using AWS region: us-west-2
2025/08/15 13:46:54 AWS operation 46 (AWS-Instance) completed in 216.443209ms
2025/08/15 13:46:54 Operation 45 (Instance) completed in 217.472625ms
2025/08/15 13:46:59 GET /api/v1/instances
2025/08/15 13:46:59 Operation 47 (Instance) started: GET /api/v1/instances
2025/08/15 13:46:59 Using AWS profile: aws
2025/08/15 13:46:59 Using AWS region: us-west-2
2025/08/15 13:46:59 AWS operation 48 (AWS-Instance) completed in 194.073417ms
2025/08/15 13:46:59 Operation 47 (Instance) completed in 194.4495ms
2025/08/15 13:47:23 GET /api/v1/instances
2025/08/15 13:47:23 Operation 49 (Instance) started: GET /api/v1/instances
2025/08/15 13:47:23 Using AWS profile: aws
2025/08/15 13:47:23 Using AWS region: us-west-2
2025/08/15 13:47:24 AWS operation 50 (AWS-Instance) completed in 201.537875ms
2025/08/15 13:47:24 Operation 49 (Instance) completed in 203.588458ms
2025/08/15 13:47:29 GET /api/v1/instances
2025/08/15 13:47:29 Operation 51 (Instance) started: GET /api/v1/instances
2025/08/15 13:47:29 Using AWS profile: aws
2025/08/15 13:47:29 Using AWS region: us-west-2
2025/08/15 13:47:29 AWS operation 52 (AWS-Instance) completed in 192.551875ms
2025/08/15 13:47:29 Operation 51 (Instance) completed in 192.933208ms
2025/08/15 13:47:53 GET /api/v1/instances
2025/08/15 13:47:53 Operation 53 (Instance) started: GET /api/v1/instances
2025/08/15 13:47:53 Using AWS profile: aws
2025/08/15 13:47:53 Using AWS region: us-west-2
2025/08/15 13:47:54 AWS operation 54 (AWS-Instance) completed in 204.452709ms
2025/08/15 13:47:54 Operation 53 (Instance) completed in 206.09525ms
2025/08/15 13:47:59 GET /api/v1/instances
2025/08/15 13:47:59 Operation 55 (Instance) started: GET /api/v1/instances
2025/08/15 13:47:59 Using AWS profile: aws
2025/08/15 13:47:59 Using AWS region: us-west-2
2025/08/15 13:47:59 AWS operation 56 (AWS-Instance) completed in 257.60075ms
2025/08/15 13:47:59 Operation 55 (Instance) completed in 258.132958ms
2025/08/15 13:48:23 GET /api/v1/instances
2025/08/15 13:48:23 Operation 57 (Instance) started: GET /api/v1/instances
2025/08/15 13:48:23 Using AWS profile: aws
2025/08/15 13:48:23 Using AWS region: us-west-2
2025/08/15 13:48:24 AWS operation 58 (AWS-Instance) completed in 212.174209ms
2025/08/15 13:48:24 Operation 57 (Instance) completed in 214.0305ms
2025/08/15 13:48:29 GET /api/v1/instances
2025/08/15 13:48:29 Operation 59 (Instance) started: GET /api/v1/instances
2025/08/15 13:48:29 Using AWS profile: aws
2025/08/15 13:48:29 Using AWS region: us-west-2
2025/08/15 13:48:29 AWS operation 60 (AWS-Instance) completed in 182.095167ms
2025/08/15 13:48:29 Operation 59 (Instance) completed in 182.602666ms
2025/08/15 13:48:53 GET /api/v1/instances
2025/08/15 13:48:53 Operation 61 (Instance) started: GET /api/v1/instances
2025/08/15 13:48:53 Using AWS profile: aws
2025/08/15 13:48:53 Using AWS region: us-west-2
2025/08/15 13:48:54 AWS operation 62 (AWS-Instance) completed in 198.079917ms
2025/08/15 13:48:54 Operation 61 (Instance) completed in 199.492ms
2025/08/15 13:48:59 GET /api/v1/instances
2025/08/15 13:48:59 Operation 63 (Instance) started: GET /api/v1/instances
2025/08/15 13:48:59 Using AWS profile: aws
2025/08/15 13:48:59 Using AWS region: us-west-2
2025/08/15 13:48:59 AWS operation 64 (AWS-Instance) completed in 234.792292ms
2025/08/15 13:48:59 Operation 63 (Instance) completed in 235.424708ms
2025/08/15 13:49:23 GET /api/v1/instances
2025/08/15 13:49:23 Operation 65 (Instance) started: GET /api/v1/instances
2025/08/15 13:49:23 Using AWS profile: aws
2025/08/15 13:49:23 Using AWS region: us-west-2
2025/08/15 13:49:24 AWS operation 66 (AWS-Instance) completed in 212.325417ms
2025/08/15 13:49:24 Operation 65 (Instance) completed in 213.906958ms
2025/08/15 13:49:29 GET /api/v1/instances
2025/08/15 13:49:29 Operation 67 (Instance) started: GET /api/v1/instances
2025/08/15 13:49:29 Using AWS profile: aws
2025/08/15 13:49:29 Using AWS region: us-west-2
2025/08/15 13:49:29 AWS operation 68 (AWS-Instance) completed in 201.521958ms
2025/08/15 13:49:29 Operation 67 (Instance) completed in 202.085791ms
2025/08/15 13:49:53 GET /api/v1/instances
2025/08/15 13:49:53 Operation 69 (Instance) started: GET /api/v1/instances
2025/08/15 13:49:53 Using AWS profile: aws
2025/08/15 13:49:53 Using AWS region: us-west-2
2025/08/15 13:49:54 AWS operation 70 (AWS-Instance) completed in 203.2775ms
2025/08/15 13:49:54 Operation 69 (Instance) completed in 204.94425ms
2025/08/15 13:49:59 GET /api/v1/instances
2025/08/15 13:49:59 Operation 71 (Instance) started: GET /api/v1/instances
2025/08/15 13:49:59 Using AWS profile: aws
2025/08/15 13:49:59 Using AWS region: us-west-2
2025/08/15 13:49:59 AWS operation 72 (AWS-Instance) completed in 204.310667ms
2025/08/15 13:49:59 Operation 71 (Instance) completed in 204.88125ms
2025/08/15 13:50:23 GET /api/v1/instances
2025/08/15 13:50:23 Operation 73 (Instance) started: GET /api/v1/instances
2025/08/15 13:50:23 Using AWS profile: aws
2025/08/15 13:50:23 Using AWS region: us-west-2
2025/08/15 13:50:24 AWS operation 74 (AWS-Instance) completed in 192.717541ms
2025/08/15 13:50:24 Operation 73 (Instance) completed in 194.334834ms
2025/08/15 13:50:29 GET /api/v1/instances
2025/08/15 13:50:29 Operation 75 (Instance) started: GET /api/v1/instances
2025/08/15 13:50:29 Using AWS profile: aws
2025/08/15 13:50:29 Using AWS region: us-west-2
2025/08/15 13:50:29 AWS operation 76 (AWS-Instance) completed in 194.423834ms
2025/08/15 13:50:29 Operation 75 (Instance) completed in 194.9755ms
2025/08/15 13:50:53 GET /api/v1/instances
2025/08/15 13:50:53 Operation 77 (Instance) started: GET /api/v1/instances
2025/08/15 13:50:53 Using AWS profile: aws
2025/08/15 13:50:53 Using AWS region: us-west-2
2025/08/15 13:50:54 AWS operation 78 (AWS-Instance) completed in 371.156ms
2025/08/15 13:50:54 Operation 77 (Instance) completed in 372.105ms
2025/08/15 13:50:59 GET /api/v1/instances
2025/08/15 13:50:59 Operation 79 (Instance) started: GET /api/v1/instances
2025/08/15 13:50:59 Using AWS profile: aws
2025/08/15 13:50:59 Using AWS region: us-west-2
2025/08/15 13:50:59 AWS operation 80 (AWS-Instance) completed in 187.703333ms
2025/08/15 13:50:59 Operation 79 (Instance) completed in 188.302083ms
2025/08/15 13:51:23 GET /api/v1/instances
2025/08/15 13:51:23 Operation 81 (Instance) started: GET /api/v1/instances
2025/08/15 13:51:23 Using AWS profile: aws
2025/08/15 13:51:23 Using AWS region: us-west-2
2025/08/15 13:51:24 AWS operation 82 (AWS-Instance) completed in 231.014208ms
2025/08/15 13:51:24 Operation 81 (Instance) completed in 231.575334ms
2025/08/15 13:51:29 GET /api/v1/instances
2025/08/15 13:51:29 Operation 83 (Instance) started: GET /api/v1/instances
2025/08/15 13:51:29 Using AWS profile: aws
2025/08/15 13:51:29 Using AWS region: us-west-2
2025/08/15 13:51:29 AWS operation 84 (AWS-Instance) completed in 186.359541ms
2025/08/15 13:51:29 Operation 83 (Instance) completed in 186.988584ms
2025/08/15 13:51:53 GET /api/v1/instances
2025/08/15 13:51:53 Operation 85 (Instance) started: GET /api/v1/instances
2025/08/15 13:51:53 Using AWS profile: aws
2025/08/15 13:51:53 Using AWS region: us-west-2
2025/08/15 13:51:54 AWS operation 86 (AWS-Instance) completed in 199.627459ms
2025/08/15 13:51:54 Operation 85 (Instance) completed in 200.675542ms
2025/08/15 13:51:59 GET /api/v1/instances
2025/08/15 13:51:59 Operation 87 (Instance) started: GET /api/v1/instances
2025/08/15 13:51:59 Using AWS profile: aws
2025/08/15 13:51:59 Using AWS region: us-west-2
2025/08/15 13:51:59 AWS operation 88 (AWS-Instance) completed in 199.269625ms
2025/08/15 13:51:59 Operation 87 (Instance) completed in 199.8475ms
2025/08/15 13:52:23 GET /api/v1/instances
2025/08/15 13:52:23 Operation 89 (Instance) started: GET /api/v1/instances
2025/08/15 13:52:23 Using AWS profile: aws
2025/08/15 13:52:23 Using AWS region: us-west-2
2025/08/15 13:52:24 AWS operation 90 (AWS-Instance) completed in 190.030458ms
2025/08/15 13:52:24 Operation 89 (Instance) completed in 190.6145ms
2025/08/15 13:52:29 GET /api/v1/instances
2025/08/15 13:52:29 Operation 91 (Instance) started: GET /api/v1/instances
2025/08/15 13:52:29 Using AWS profile: aws
2025/08/15 13:52:29 Using AWS region: us-west-2
2025/08/15 13:52:29 AWS operation 92 (AWS-Instance) completed in 193.574083ms
2025/08/15 13:52:29 Operation 91 (Instance) completed in 194.245834ms
2025/08/15 13:52:53 GET /api/v1/instances
2025/08/15 13:52:53 Operation 93 (Instance) started: GET /api/v1/instances
2025/08/15 13:52:53 Using AWS profile: aws
2025/08/15 13:52:53 Using AWS region: us-west-2
2025/08/15 13:52:54 AWS operation 94 (AWS-Instance) completed in 210.18975ms
2025/08/15 13:52:54 Operation 93 (Instance) completed in 211.38125ms
2025/08/15 13:52:59 GET /api/v1/instances
2025/08/15 13:52:59 Operation 95 (Instance) started: GET /api/v1/instances
2025/08/15 13:52:59 Using AWS profile: aws
2025/08/15 13:52:59 Using AWS region: us-west-2
2025/08/15 13:52:59 AWS operation 96 (AWS-Instance) completed in 194.114709ms
2025/08/15 13:52:59 Operation 95 (Instance) completed in 194.528083ms
2025/08/15 13:53:23 GET /api/v1/instances
2025/08/15 13:53:23 Operation 97 (Instance) started: GET /api/v1/instances
2025/08/15 13:53:23 Using AWS profile: aws
2025/08/15 13:53:23 Using AWS region: us-west-2
2025/08/15 13:53:24 AWS operation 98 (AWS-Instance) completed in 198.134583ms
2025/08/15 13:53:24 Operation 97 (Instance) completed in 198.510041ms
2025/08/15 13:53:29 GET /api/v1/instances
2025/08/15 13:53:29 Operation 99 (Instance) started: GET /api/v1/instances
2025/08/15 13:53:29 Using AWS profile: aws
2025/08/15 13:53:29 Using AWS region: us-west-2
2025/08/15 13:53:29 AWS operation 100 (AWS-Instance) completed in 258.842208ms
2025/08/15 13:53:29 Operation 99 (Instance) completed in 259.384917ms
2025/08/15 13:53:53 GET /api/v1/instances
2025/08/15 13:53:53 Operation 101 (Instance) started: GET /api/v1/instances
2025/08/15 13:53:53 Using AWS profile: aws
2025/08/15 13:53:53 Using AWS region: us-west-2
2025/08/15 13:53:54 AWS operation 102 (AWS-Instance) completed in 199.534167ms
2025/08/15 13:53:54 Operation 101 (Instance) completed in 200.666209ms
2025/08/15 13:53:59 GET /api/v1/instances
2025/08/15 13:53:59 Operation 103 (Instance) started: GET /api/v1/instances
2025/08/15 13:53:59 Using AWS profile: aws
2025/08/15 13:53:59 Using AWS region: us-west-2
2025/08/15 13:53:59 AWS operation 104 (AWS-Instance) completed in 191.207667ms
2025/08/15 13:53:59 Operation 103 (Instance) completed in 191.840875ms
2025/08/15 14:01:20 GET /api/v1/ping
2025/08/15 14:01:20 Operation 105 (Ping) started: GET /api/v1/ping
2025/08/15 14:01:20 Using AWS profile: aws
2025/08/15 14:01:20 Using AWS region: us-west-2
2025/08/15 14:01:20 Operation 105 (Ping) completed in 75.791µs
2025/08/15 14:01:20 DELETE /api/v1/instances/my-workspace
2025/08/15 14:01:20 Operation 106 (InstanceOperation) started: DELETE /api/v1/instances/my-workspace
2025/08/15 14:01:20 Using AWS profile: aws
2025/08/15 14:01:20 Using AWS region: us-west-2
2025/08/15 14:01:20 AWS operation 107 (AWS-InstanceOperation) completed in 670.557333ms
2025/08/15 14:01:20 Operation 106 (InstanceOperation) completed in 671.325125ms
2025/08/15 14:01:24 GET /api/v1/ping
2025/08/15 14:01:24 Operation 108 (Ping) started: GET /api/v1/ping
2025/08/15 14:01:24 Using AWS profile: aws
2025/08/15 14:01:24 Using AWS region: us-west-2
2025/08/15 14:01:24 Operation 108 (Ping) completed in 39.25µs
2025/08/15 14:01:24 GET /api/v1/instances
2025/08/15 14:01:24 Operation 109 (Instance) started: GET /api/v1/instances
2025/08/15 14:01:24 Using AWS profile: aws
2025/08/15 14:01:24 Using AWS region: us-west-2
2025/08/15 14:01:24 AWS operation 110 (AWS-Instance) completed in 252.481209ms
2025/08/15 14:01:24 Operation 109 (Instance) completed in 252.6335ms
2025/08/15 14:13:41 🔔 Received signal: terminated
2025/08/15 14:13:41 🛑 Graceful shutdown requested
2025/08/15 14:13:41 Stopping daemon server...
2025/08/15 14:13:41 Shutting down daemon...
2025/08/15 14:13:41 Legacy monitoring removed - using universal idle detection
2025/08/15 14:13:41 ✅ Daemon server stopped
2025/08/15 14:13:41 ✅ CloudWorkstation daemon shutdown complete
